{
  "stats": {
    "suites": 1,
    "tests": 1,
    "passes": 1,
    "pending": 0,
    "failures": 0,
    "start": "2023-04-26T05:56:03.512Z",
    "end": "2023-04-26T05:56:05.609Z",
    "duration": 2097,
    "testsRegistered": 1,
    "passPercent": 100,
    "pendingPercent": 0,
    "other": 0,
    "hasOther": false,
    "skipped": 0,
    "hasSkipped": false
  },
  "results": [
    {
      "uuid": "46ff9a74-ccd6-43f7-a75f-2bf760566fc0",
      "title": "",
      "fullFile": "cypress\\e2e\\JoinTest.cy.js",
      "file": "cypress\\e2e\\JoinTest.cy.js",
      "beforeHooks": [],
      "afterHooks": [],
      "tests": [],
      "suites": [
        {
          "uuid": "3228f231-d1ef-4e44-9c03-700d6c6cda5e",
          "title": "회원가입",
          "fullFile": "",
          "file": "",
          "beforeHooks": [],
          "afterHooks": [],
          "tests": [
            {
              "title": "약관 체크 및 본인인증 모달 노출 확인",
              "fullTitle": "회원가입 약관 체크 및 본인인증 모달 노출 확인",
              "timedOut": null,
              "duration": 2081,
              "state": "passed",
              "speed": "fast",
              "pass": true,
              "fail": false,
              "pending": false,
              "context": null,
              "code": "cy.visit('/');\n//회원가입 선택\ncy.get('[href=\"/join\"] > .MuiBox-root').click();\ncy.url().should('include', '/join');\n//모두 동의합니다. 체크\ncy.contains('모두 동의합니다.').click();\n//필수 및 선택 약관 모두 체크 및 동의하고 가입하기 버튼 활성화\ncy.get('[type=\"checkbox\"]').check().should('be.enabled');\ncy.contains('동의하고 가입하기').should('be.enabled');\n//동의하고 가입하기 버튼 선택\n// cy.contains('동의하고 가입하기').click();\ncy.wait(500);",
              "err": {},
              "uuid": "5ab04afb-4899-471b-8fe9-08b0feb2c2a9",
              "parentUUID": "3228f231-d1ef-4e44-9c03-700d6c6cda5e",
              "isHook": false,
              "skipped": false
            }
          ],
          "suites": [],
          "passes": [
            "5ab04afb-4899-471b-8fe9-08b0feb2c2a9"
          ],
          "failures": [],
          "pending": [],
          "skipped": [],
          "duration": 2081,
          "root": false,
          "rootEmpty": false,
          "_timeout": 2000
        }
      ],
      "passes": [],
      "failures": [],
      "pending": [],
      "skipped": [],
      "duration": 0,
      "root": true,
      "rootEmpty": true,
      "_timeout": 2000
    }
  ],
  "meta": {
    "mocha": {
      "version": "7.0.1"
    },
    "mochawesome": {
      "options": {
        "quiet": false,
        "reportFilename": "index",
        "saveHtml": true,
        "saveJson": true,
        "consoleReporter": "spec",
        "useInlineDiffs": false,
        "code": true
      },
      "version": "7.1.3"
    },
    "marge": {
      "options": {
        "reportDir": "cypress/results",
        "overwrite": false,
        "html": true,
        "json": true,
        "timestamp": "yyyy-mm-dd HH:MM:ss",
        "reportFilename": "index",
        "charts": true,
        "code": true,
        "autoOpen": false,
        "timestampFormat": "{{DATE}} {{TIME}}"
      },
      "version": "6.2.0"
    }
  }
}