{
  "stats": {
    "suites": 1,
    "tests": 1,
    "passes": 0,
    "pending": 0,
    "failures": 1,
    "start": "2023-04-26T05:55:48.195Z",
    "end": "2023-04-26T05:55:56.653Z",
    "duration": 8458,
    "testsRegistered": 1,
    "passPercent": 0,
    "pendingPercent": 0,
    "other": 0,
    "hasOther": false,
    "skipped": 0,
    "hasSkipped": false
  },
  "results": [
    {
      "uuid": "a1165087-880b-4250-9c3c-aa262073c943",
      "title": "",
      "fullFile": "cypress\\e2e\\IntroTest.cy.js",
      "file": "cypress\\e2e\\IntroTest.cy.js",
      "beforeHooks": [],
      "afterHooks": [],
      "tests": [],
      "suites": [
        {
          "uuid": "8cdab687-d1da-4043-9ad7-ec352f0eecc9",
          "title": "intro",
          "fullFile": "",
          "file": "",
          "beforeHooks": [],
          "afterHooks": [],
          "tests": [
            {
              "title": "intro",
              "fullTitle": "intro intro",
              "timedOut": null,
              "duration": 8402,
              "state": "failed",
              "speed": null,
              "pass": false,
              "fail": true,
              "pending": false,
              "context": null,
              "code": "cy.visit('/');\n//GNB > 서비스 소개 선택\ncy.contains('서비스 소개').click();\n//스크롤 위로 가기\ncy.get('button[aria-label=\"스크롤 위로 가기\"]').click();\n//GNB > 이용안내 선택\ncy.contains('이용안내').click();\n//스크롤 위로 가기\ncy.get('button[aria-label=\"스크롤 위로 가기\"]').click();\n//내 매물 등록하고 공실 해결하기 선택\ncy.get('.design-cache-prefix-d1z2nu').click();\ncy.url().should('include', '/login');\n//intro 재접근\ncy.get('[src=\"/images/logo.png\"]').click();\ncy.url().should('include', '/');\n//회원가입하기 버튼 선택\ncy.get('.design-cache-prefix-16pyde7 > .design-cache-prefix-18jlma7').click();\ncy.url().should('include', '/join');\n//intro 재접근\ncy.get('[src=\"/images/logo.png\"]').click();\ncy.url().should('include', '/');\n//내 매물 등록하기 버튼 선택\ncy.get('.design-cache-prefix-j7qwjs > .design-cache-prefix-18jlma7').click();\ncy.url().should('include', '/login');\n//intro 재접근\ncy.get('[src=\"/images/logo.png\"]').click();\ncy.url().should('include', '/');\n//내 매물 등록하기 버튼 선택\ncy.get('.design-cache-prefix-e0tjrc > .design-cache-prefix-18jlma7').click();\ncy.url().should('include', '/login');\n//intro 재접근\ncy.get('[src=\"/images/logo.png\"]').click();\ncy.url().should('include', '/');\n//스토어 링크 이동 확인\n// cy.get('[aria-label=\"애플스토어에서 앱 다운로드\"] > img').click();\n// cy.get('[aria-label=\"구글플레이스토어에서 앱 다운로드\"] > img').click();",
              "err": {
                "message": "AssertionError: Timed out retrying after 4000ms: Expected to find element: `button[aria-label=\"스크롤 위로 가기\"]`, but never found it.",
                "estack": "AssertionError: Timed out retrying after 4000ms: Expected to find element: `button[aria-label=\"스크롤 위로 가기\"]`, but never found it.\n    at Context.eval (webpack:///./cypress/e2e/IntroTest.cy.js:25:7)",
                "diff": null
              },
              "uuid": "03bb47ef-87df-417a-8ef2-2d5910e30d4d",
              "parentUUID": "8cdab687-d1da-4043-9ad7-ec352f0eecc9",
              "isHook": false,
              "skipped": false
            }
          ],
          "suites": [],
          "passes": [],
          "failures": [
            "03bb47ef-87df-417a-8ef2-2d5910e30d4d"
          ],
          "pending": [],
          "skipped": [],
          "duration": 8402,
          "root": false,
          "rootEmpty": false,
          "_timeout": 2000
        }
      ],
      "passes": [],
      "failures": [],
      "pending": [],
      "skipped": [],
      "duration": 0,
      "root": true,
      "rootEmpty": true,
      "_timeout": 2000
    }
  ],
  "meta": {
    "mocha": {
      "version": "7.0.1"
    },
    "mochawesome": {
      "options": {
        "quiet": false,
        "reportFilename": "index",
        "saveHtml": true,
        "saveJson": true,
        "consoleReporter": "spec",
        "useInlineDiffs": false,
        "code": true
      },
      "version": "7.1.3"
    },
    "marge": {
      "options": {
        "reportDir": "cypress/results",
        "overwrite": false,
        "html": true,
        "json": true,
        "timestamp": "yyyy-mm-dd HH:MM:ss",
        "reportFilename": "index",
        "charts": true,
        "code": true,
        "autoOpen": false,
        "timestampFormat": "{{DATE}} {{TIME}}"
      },
      "version": "6.2.0"
    }
  }
}