{
  "stats": {
    "suites": 1,
    "tests": 1,
    "passes": 1,
    "pending": 0,
    "failures": 0,
    "start": "2023-04-26T05:56:11.497Z",
    "end": "2023-04-26T05:56:15.555Z",
    "duration": 4058,
    "testsRegistered": 1,
    "passPercent": 100,
    "pendingPercent": 0,
    "other": 0,
    "hasOther": false,
    "skipped": 0,
    "hasSkipped": false
  },
  "results": [
    {
      "uuid": "c3393895-1f13-41e7-844c-7a5d356e3f97",
      "title": "",
      "fullFile": "cypress\\e2e\\LoginTest.cy.js",
      "file": "cypress\\e2e\\LoginTest.cy.js",
      "beforeHooks": [],
      "afterHooks": [],
      "tests": [],
      "suites": [
        {
          "uuid": "d404b308-b1b0-4c82-abf9-17bc3b3dbf13",
          "title": "사용자 로그인",
          "fullFile": "",
          "file": "",
          "beforeHooks": [],
          "afterHooks": [],
          "tests": [
            {
              "title": "로그인/로그아웃",
              "fullTitle": "사용자 로그인 로그인/로그아웃",
              "timedOut": null,
              "duration": 4013,
              "state": "passed",
              "speed": "fast",
              "pass": true,
              "fail": false,
              "pending": false,
              "context": null,
              "code": "cy.visit('/');\n//로그인 버튼 선택\ncy.get('[href=\"/login\"]').click();\n//로그인 화면 접근 확인\ncy.url().should('include', '/login');\n//이메일 입력\ncy.get('input[name=\"email\"]').type('zizibebe10@naver.com');\n//비밀번호 입력\ncy.get('input[name=\"password\"]').type('sa03103166');\n//이메일 저장 체크\ncy.get('input[name=\"save\"]').click();\n//로그인 버튼 선택\ncy.get('button[type=submit]').click();\n//로그인 확인\ncy.url().should('include', '/manage');\n//프로필 선택\ncy.get('button[aria-label=\"프로필 메뉴\"]').click();\n//로그아웃 선택\ncy.get('button[aria-label=\"로그아웃\"]').click();\n//로그아웃 팝업 > 로그아웃 선택\ncy.get('.design-cache-prefix-sh2iiq').click();\n//로그아웃 확인\ncy.url().should('include', '/login');\ncy.get('input[name=\"email\"]').should('have.value', 'zizibebe10@naver.com');\ncy.get('input[name=\"save\"]').should('be.enabled');",
              "err": {},
              "uuid": "fb16be8f-c418-433b-b091-25151d1a62ca",
              "parentUUID": "d404b308-b1b0-4c82-abf9-17bc3b3dbf13",
              "isHook": false,
              "skipped": false
            }
          ],
          "suites": [],
          "passes": [
            "fb16be8f-c418-433b-b091-25151d1a62ca"
          ],
          "failures": [],
          "pending": [],
          "skipped": [],
          "duration": 4013,
          "root": false,
          "rootEmpty": false,
          "_timeout": 2000
        }
      ],
      "passes": [],
      "failures": [],
      "pending": [],
      "skipped": [],
      "duration": 0,
      "root": true,
      "rootEmpty": true,
      "_timeout": 2000
    }
  ],
  "meta": {
    "mocha": {
      "version": "7.0.1"
    },
    "mochawesome": {
      "options": {
        "quiet": false,
        "reportFilename": "index",
        "saveHtml": true,
        "saveJson": true,
        "consoleReporter": "spec",
        "useInlineDiffs": false,
        "code": true
      },
      "version": "7.1.3"
    },
    "marge": {
      "options": {
        "reportDir": "cypress/results",
        "overwrite": false,
        "html": true,
        "json": true,
        "timestamp": "yyyy-mm-dd HH:MM:ss",
        "reportFilename": "index",
        "charts": true,
        "code": true,
        "autoOpen": false,
        "timestampFormat": "{{DATE}} {{TIME}}"
      },
      "version": "6.2.0"
    }
  }
}